-------------------------------------------------------
 T E S T S
-------------------------------------------------------
Running pagerank.ScalingFactorTest
-------------------------------------------------------
	Starting test: inputFileWith33kLinksScalingFactor055Test
-------------------------------------------------------
Input file parsing time: 00:00:00.343
Page Graph build time: 00:00:07.249
PageRank finished after 19 iterations; convergence time: 00:00:00.244
Output file writing time: 00:00:00.947
-------------------------------------------------------
	Starting test: inputFileWith33kLinksScalingFactor065Test
-------------------------------------------------------
Input file parsing time: 00:00:00.254
Page Graph build time: 00:00:06.692
PageRank finished after 27 iterations; convergence time: 00:00:00.306
Output file writing time: 00:00:00.366
-------------------------------------------------------
	Starting test: inputFileWith33kLinksScalingFactor075Test
-------------------------------------------------------
Input file parsing time: 00:00:00.128
Page Graph build time: 00:00:04.058
PageRank finished after 38 iterations; convergence time: 00:00:00.541
Output file writing time: 00:00:00.623
-------------------------------------------------------
	Starting test: inputFileWith33kLinksScalingFactor085Test
-------------------------------------------------------
Input file parsing time: 00:00:00.132
Page Graph build time: 00:00:07.685
PageRank finished after 58 iterations; convergence time: 00:00:00.593
Output file writing time: 00:00:00.316
-------------------------------------------------------
	Starting test: inputFileWith33kLinksScalingFactor095Test
-------------------------------------------------------
Input file parsing time: 00:00:00.158
Page Graph build time: 00:00:03.883
PageRank finished after 100 iterations; convergence time: 00:00:01.145
Output file writing time: 00:00:00.719
Tests run: 5, Failures: 0, Errors: 0, Skipped: 0, Time elapsed: 36.47 sec - in pagerank.ScalingFactorTest
Running pagerank.InputGraphTypeTest
-------------------------------------------------------
	Starting test: mixedInputTest
-------------------------------------------------------
Input file parsing time: 00:00:00.000
Page Graph build time: 00:00:00.000
PageRank finished after 2 iterations; convergence time: 00:00:00.000
Output file writing time: 00:00:00.000
-------------------------------------------------------
	Starting test: allNodesAreDanglingTest
-------------------------------------------------------
Input file parsing time: 00:00:00.000
Page Graph build time: 00:00:00.000
PageRank finished after 1 iterations; convergence time: 00:00:00.000
Output file writing time: 00:00:00.000
-------------------------------------------------------
	Starting test: inboundDegreeNMinusOneOutboundDegreeMinusOneTest
-------------------------------------------------------
Input file parsing time: 00:00:00.000
Page Graph build time: 00:00:00.000
PageRank finished after 0 iterations; convergence time: 00:00:00.000
Output file writing time: 00:00:00.000
-------------------------------------------------------
	Starting test: inboundDegreeOneOutboundDegreeOneTest
-------------------------------------------------------
Input file parsing time: 00:00:00.000
Page Graph build time: 00:00:00.000
PageRank finished after 0 iterations; convergence time: 00:00:00.000
Output file writing time: 00:00:00.000
Tests run: 4, Failures: 0, Errors: 0, Skipped: 0, Time elapsed: 0.01 sec - in pagerank.InputGraphTypeTest
Running pagerank.InputSizeTest
-------------------------------------------------------
	Starting test: inputFileWith33kLinksTest
-------------------------------------------------------
Input file parsing time: 00:00:00.188
Page Graph build time: 00:00:05.416
PageRank finished after 58 iterations; convergence time: 00:00:00.679
Output file writing time: 00:00:00.420
-------------------------------------------------------
	Starting test: inputFileWith100kLinksTest
-------------------------------------------------------
Input file parsing time: 00:00:00.618
Page Graph build time: 00:00:59.591
PageRank finished after 61 iterations; convergence time: 00:00:02.618
Output file writing time: 00:00:04.730
-------------------------------------------------------
	Starting test: inputFileWith67kLinksTest
-------------------------------------------------------
Input file parsing time: 00:00:00.429
Page Graph build time: 00:00:25.350
PageRank finished after 59 iterations; convergence time: 00:00:01.630
Output file writing time: 00:00:00.668
Tests run: 3, Failures: 0, Errors: 0, Skipped: 0, Time elapsed: 102.314 sec - in pagerank.InputSizeTest
Running pagerank.ProvidedTestCasesTest
-------------------------------------------------------
	Starting test: testCase1
-------------------------------------------------------
Input file parsing time: 00:00:00.000
Page Graph build time: 00:00:00.000
PageRank finished after 17 iterations; convergence time: 00:00:00.000
Output file writing time: 00:00:00.000
-------------------------------------------------------
	Starting test: testCase2
-------------------------------------------------------
Input file parsing time: 00:00:00.000
Page Graph build time: 00:00:00.000
PageRank finished after 13 iterations; convergence time: 00:00:00.000
Output file writing time: 00:00:00.000
Tests run: 2, Failures: 0, Errors: 0, Skipped: 0, Time elapsed: 0.003 sec - in pagerank.ProvidedTestCasesTest

Results :

Tests run: 14, Failures: 0, Errors: 0, Skipped: 0
